[0mGET /users/sign-out [36m302[0m 248.254 ms - 46[0m
[0mGET / [32m200[0m 100.741 ms - 1585[0m
[0mGET /users/sign-in [32m200[0m 6.340 ms - 4271[0m
[0mGET /users/sign-up [32m200[0m 7.777 ms - 4829[0m
[0mGET /users/sign-in [32m200[0m 7.867 ms - 4269[0m
[0mGET /users/sign-up [36m304[0m 8.137 ms - -[0m
[0mGET /users/sign-in [36m304[0m 7.837 ms - -[0m
[0mGET /users/sign-up [36m304[0m 8.323 ms - -[0m
[0mGET /users/sign-up [32m200[0m 6.271 ms - 4819[0m
[0mGET /users/sign-in [36m304[0m 491.279 ms - -[0m
[0mGET /users/sign-up [36m304[0m 5.474 ms - -[0m
[0mGET /users/sign-in [36m304[0m 7.739 ms - -[0m
[0mGET /users/sign-up [36m304[0m 5.748 ms - -[0m
[0mPOST /users/create [36m302[0m 203.113 ms - 72[0m
[0mGET /users/sign-in [36m304[0m 130.454 ms - -[0m
[0mPOST /users/create-session [36m302[0m 9.135 ms - 72[0m
[0mGET /users/sign-in [32m200[0m 7.773 ms - 4489[0m
[0mPOST /users/create-session [36m302[0m 62.279 ms - 46[0m
[0mGET / [32m200[0m 29.494 ms - 1678[0m
[0mGET /users/profile [32m200[0m 47.743 ms - 1971[0m
[0mGET /forgot-password [32m200[0m 22.906 ms - 2015[0m
[0mPOST /forgot-password/mail [36m302[0m 12.845 ms - 118[0m
[0mGET /forgot-password [32m200[0m 10.077 ms - 2261[0m
[0mPOST /forgot-password/mail [36m302[0m 17.889 ms - 118[0m
[0mGET /forgot-password [32m200[0m 7.818 ms - 2244[0m
[0mGET /users/profile [36m304[0m 10.839 ms - -[0m
[0mGET / [32m200[0m 10.245 ms - 1459[0m
[0mGET /users/sign-out [36m302[0m 14.591 ms - 46[0m
[0mGET / [32m200[0m 17.624 ms - 1585[0m
[0mGET /users/sign-up [36m304[0m 7.136 ms - -[0m
[0mPOST /users/create [36m302[0m 67.614 ms - 72[0m
[0mGET /users/sign-in [32m200[0m 10.125 ms - 4484[0m
[0mGET /users/sign-up [36m304[0m 10.326 ms - -[0m
[0mPOST /users/create [36m302[0m 16.730 ms - 114[0m
[0mGET /users/sign-up [32m200[0m 6.934 ms - 5062[0m
[0mPOST /users/create [36m302[0m 26.274 ms - 72[0m
[0mGET /users/sign-in [36m304[0m 5.571 ms - -[0m
[0mPOST /users/create-session [36m302[0m 9.131 ms - 72[0m
[0mGET /users/sign-in [32m200[0m 4.568 ms - 4489[0m
[0mGET /forgot-password [32m200[0m 5.128 ms - 1933[0m
[0mPOST /forgot-password/mail [36m302[0m 8.390 ms - 118[0m
[0mGET /forgot-password [32m200[0m 4.883 ms - 2179[0m
[0mGET /users/sign-up [32m200[0m 7.147 ms - 4819[0m
[0mPOST /users/create [36m302[0m 78.476 ms - 72[0m
[0mGET /users/sign-in [32m200[0m 4.643 ms - 4484[0m
[0mGET /users/auth/google [36m302[0m 11.312 ms - 0[0m
[0mGET /users/auth/google [36m302[0m 51.066 ms - 0[0m
[0mGET /users/auth/google/callback?code=4%2F0AX4XfWiIriaXVskjVEe5sdwrA4APlxrEttHGPb_xbbxjnYD1GOlkrdzkSubms2kpjWZ58Q&scope=email+profile+https%3A%2F%2Fwww.googleapis.com%2Fauth%2Fuserinfo.profile+https%3A%2F%2Fwww.googleapis.com%2Fauth%2Fuserinfo.email+openid&authuser=2&prompt=consent [36m302[0m 818.371 ms - 46[0m
[0mGET / [32m200[0m 19.301 ms - 1678[0m
[0mGET / [32m200[0m 11.556 ms - 1459[0m
[0mGET /users/sign-out [36m302[0m 9.309 ms - 46[0m
[0mGET / [32m200[0m 6.259 ms - 1585[0m
[0mGET /users/sign-in [32m200[0m 6.841 ms - 4269[0m
[0mPOST /users/create-session [36m302[0m 24.746 ms - 46[0m
[0mGET / [32m200[0m 11.988 ms - 1678[0m
[0mGET /forgot-password [32m200[0m 8.893 ms - 2015[0m
[0mPOST /forgot-password/mail [36m302[0m 38.500 ms - 118[0m
[0mGET /forgot-password [32m200[0m 10.193 ms - 2244[0m
[0mGET /forgot-password/resetlink/accesstoken/34c85ea5c3166b2b0f1af8cc11fbab89d5103822 [32m200[0m 16.984 ms - 2374[0m
[0mPOST /forgot-password/reset [36m302[0m 30.363 ms - 46[0m
[0mGET / [32m200[0m 8.970 ms - 1688[0m
[0mGET /users/sign-out [36m302[0m 8.445 ms - 46[0m
[0mGET / [32m200[0m 7.938 ms - 1585[0m
[0mGET / [32m200[0m 8.110 ms - 1368[0m
[0mGET /users/sign-in [36m304[0m 8.406 ms - -[0m
[0mPOST /users/create-session [36m302[0m 30.555 ms - 46[0m
[0mGET / [32m200[0m 10.838 ms - 1678[0m
[0mGET /forgot-password [32m200[0m 30.598 ms - 2015[0m
[0mPOST /forgot-password/mail [36m302[0m 61.289 ms - 118[0m
[0mGET /forgot-password [32m200[0m 27.855 ms - 2244[0m
[0mPOST /forgot-password/mail [36m302[0m 61.882 ms - 118[0m
[0mGET /forgot-password [36m304[0m 15.333 ms - -[0m
[0mGET /users/sign-out [36m302[0m 33.472 ms - 46[0m
[0mGET / [32m200[0m 10.895 ms - 1585[0m
[0mGET /users/sign-in [36m304[0m 39.925 ms - -[0m
[0mPOST /users/create-session [36m302[0m 10.202 ms - 72[0m
[0mGET /users/sign-in [32m200[0m 6.416 ms - 4489[0m
[0mGET /users/sign-up [36m304[0m 241.431 ms - -[0m
[0mPOST /users/create [36m302[0m 34.853 ms - 72[0m
[0mGET /users/sign-in [32m200[0m 8.866 ms - 4484[0m
[0mGET /forgot-password [32m200[0m 6.958 ms - 1933[0m
[0mPOST /forgot-password/mail [36m302[0m 19.584 ms - 118[0m
[0mGET /forgot-password [32m200[0m 3.638 ms - 2162[0m
[0mGET / [32m200[0m 9.281 ms - 1368[0m
[0mGET /users/sign-in [32m200[0m 5.829 ms - 4269[0m
[0mGET /forgot-password [32m200[0m 5.209 ms - 1933[0m
[0mPOST /forgot-password/mail [36m302[0m 17.896 ms - 118[0m
[0mGET /forgot-password [32m200[0m 5.724 ms - 2162[0m
[0mGET / [36m304[0m 198.151 ms - -[0m
[0mGET / [36m304[0m 354.450 ms - -[0m
[0mGET /users/sign-in [36m304[0m 200.597 ms - -[0m
[0mGET /users/auth/google [36m302[0m 130.975 ms - 0[0m
[0mGET /users/auth/google/callback?code=4%2F0AX4XfWgJD7jtYUqAt0khsFsf-rN7uNnc9yWNGiRLVzhw5oYSmfgeuTAtH0CAKkhi2gzCVQ&scope=email+profile+https%3A%2F%2Fwww.googleapis.com%2Fauth%2Fuserinfo.profile+https%3A%2F%2Fwww.googleapis.com%2Fauth%2Fuserinfo.email+openid&authuser=2&prompt=consent [36m302[0m 2427.645 ms - 46[0m
[0mGET / [32m200[0m 957.832 ms - 1688[0m
[0mGET /users/sign-out [36m302[0m 533.714 ms - 46[0m
[0mGET / [32m200[0m 267.772 ms - 1585[0m
[0mGET /users/sign-up [36m304[0m 189.911 ms - -[0m
[0mGET /users/auth/google [36m302[0m 154.473 ms - 0[0m
[0mGET /users/auth/google/callback?code=4%2F0AX4XfWhRAf4c6o9AcrHheVvQRyuL2bSFgnBxlYlJOkhKTkNKScfqO4Qfw2D8_zGGYD64QA&scope=email+profile+https%3A%2F%2Fwww.googleapis.com%2Fauth%2Fuserinfo.profile+https%3A%2F%2Fwww.googleapis.com%2Fauth%2Fuserinfo.email+openid&authuser=2&prompt=consent [36m302[0m 2356.444 ms - 46[0m
[0mGET / [32m200[0m 276.052 ms - 1688[0m
[0mGET / [32m200[0m 257.747 ms - 1469[0m
[0mGET / [36m304[0m 342.592 ms - -[0m
[0mGET /users/profile [32m200[0m 386.376 ms - 1987[0m
[0mGET /forgot-password [32m200[0m 438.338 ms - 2020[0m
[0mPOST /forgot-password/mail [36m302[0m 1225.792 ms - 118[0m
[0mGET /forgot-password [32m200[0m 780.767 ms - 2249[0m
[0mGET /forgot-password/resetlink/accesstoken/3d64a369e3e774abe0ecf0e8a3fb20fa7749dae0 [32m200[0m 936.315 ms - 2391[0m
[0mPOST /forgot-password/reset [36m302[0m 457.267 ms - 244[0m
[0mGET /forgot-password/resetlink/accesstoken/3d64a369e3e774abe0ecf0e8a3fb20fa7749dae0 [32m200[0m 1621.015 ms - 2606[0m
[0mPOST /forgot-password/reset [36m302[0m 334.837 ms - 244[0m
[0mGET /forgot-password/resetlink/accesstoken/3d64a369e3e774abe0ecf0e8a3fb20fa7749dae0 [36m304[0m 676.397 ms - -[0m
[0mPOST /forgot-password/reset [36m302[0m 615.069 ms - 46[0m
[0mGET / [32m200[0m 613.774 ms - 1691[0m
[0mPOST /forgot-password/reset [36m302[0m 646.817 ms - 46[0m
[0mGET / [32m200[0m 1692.774 ms - 1469[0m
[0mGET /users/sign-out [36m302[0m 682.634 ms - 46[0m
[0mGET / [32m200[0m 104.539 ms - 1585[0m
[0mGET /users/sign-in [36m304[0m 209.105 ms - -[0m
[0mPOST /users/create-session [36m302[0m 1014.944 ms - 46[0m
[0mGET / [32m200[0m 592.205 ms - 1688[0m
[0mGET /users/sign-out [36m302[0m 1402.373 ms - 46[0m
[0mGET / [32m200[0m 242.463 ms - 1585[0m
[0mGET /users/sign-up [36m304[0m 115.638 ms - -[0m
[0mPOST /users/create [36m302[0m 243.826 ms - 114[0m
[0mGET /users/sign-up [32m200[0m 125.231 ms - 5036[0m
[0mPOST /users/create [36m302[0m 213.721 ms - 114[0m
[0mGET /users/sign-up [36m304[0m 207.628 ms - -[0m
[0mPOST /users/create [36m302[0m 105.465 ms - 114[0m
[0mGET /users/sign-up [36m304[0m 238.439 ms - -[0m
[0mPOST /users/create [36m302[0m 671.404 ms - 72[0m
[0mGET /users/sign-in [36m304[0m 279.584 ms - -[0m
[0mGET /forgot-password [32m200[0m 125.526 ms - 2148[0m
[0mPOST /forgot-password/mail [36m302[0m 5766.016 ms - 46[0m
[0mGET / [32m200[0m 809.048 ms - 1597[0m
[0mGET / [32m200[0m 230.136 ms - 1368[0m
[0mGET / [36m304[0m 388.538 ms - -[0m
[0mGET / [36m304[0m 174.917 ms - -[0m
[0mGET /users/sign-up [32m200[0m 339.232 ms - 4819[0m
[0mGET /users/auth/google [36m302[0m 256.936 ms - 0[0m
[0mGET /users/auth/google/callback?code=4%2F0AX4XfWiGNXfowEbUG2zlSx5H29BpNPto3ngQnEWjGXyoQ7Bjv0eOJgJYe6V5I_eY2JYR5A&scope=email+profile+https%3A%2F%2Fwww.googleapis.com%2Fauth%2Fuserinfo.profile+https%3A%2F%2Fwww.googleapis.com%2Fauth%2Fuserinfo.email+openid&authuser=2&prompt=consent [36m302[0m 3968.620 ms - 46[0m
[0mGET / [32m200[0m 1695.505 ms - 1688[0m
[0mGET /users/sign-out [36m302[0m 648.281 ms - 46[0m
[0mGET / [32m200[0m 200.140 ms - 1585[0m
[0mGET /users/sign-up [36m304[0m 252.365 ms - -[0m
[0mGET /users/auth/google [36m302[0m 122.944 ms - 0[0m
[0mGET /users/auth/google/callback?code=4%2F0AX4XfWhPFMUJ7WjpLbv-kijNyHymiL-vdnfSrju1Jgo0hAQzqbAmgUYcW5ykeIeyOYnLBQ&scope=email+profile+https%3A%2F%2Fwww.googleapis.com%2Fauth%2Fuserinfo.profile+https%3A%2F%2Fwww.googleapis.com%2Fauth%2Fuserinfo.email+openid&authuser=0&prompt=consent [36m302[0m 2498.229 ms - 46[0m
[0mGET / [32m200[0m 406.577 ms - 1694[0m
[0mGET /users/sign-out [36m302[0m 658.281 ms - 46[0m
[0mGET / [32m200[0m 1316.542 ms - 1585[0m
[0mGET /users/sign-up [36m304[0m 237.320 ms - -[0m
[0mGET /users/auth/google [36m302[0m 183.595 ms - 0[0m
[0mGET /users/auth/google/callback?code=4%2F0AX4XfWgj33p_LMcVo_cvKqiloKZlWwez8IW9sC_faF03iZ8YLGZdhAcmplNxJkiEZ3MCdw&scope=email+profile+https%3A%2F%2Fwww.googleapis.com%2Fauth%2Fuserinfo.profile+https%3A%2F%2Fwww.googleapis.com%2Fauth%2Fuserinfo.email+openid&authuser=0&prompt=consent [36m302[0m 1878.178 ms - 46[0m
[0mGET / [32m200[0m 281.017 ms - 1694[0m
[0mGET /users/sign-out [36m302[0m 971.232 ms - 46[0m
[0mGET / [32m200[0m 687.270 ms - 1585[0m
[0mGET /users/sign-in [36m304[0m 156.207 ms - -[0m
[0mGET /users/sign-up [36m304[0m 166.806 ms - -[0m
[0mGET /users/auth/google [36m302[0m 107.890 ms - 0[0m
[0mGET /users/auth/google/callback?code=4%2F0AX4XfWi0XqPNJxxLsGEEyfslZsU57zxoomyEEe3tTARnCEpsCPZP0klz2Ea-29_CMXdHFA&scope=email+profile+https%3A%2F%2Fwww.googleapis.com%2Fauth%2Fuserinfo.profile+https%3A%2F%2Fwww.googleapis.com%2Fauth%2Fuserinfo.email+openid&authuser=2&prompt=consent [36m302[0m 3105.818 ms - 46[0m
[0mGET / [32m200[0m 1081.067 ms - 1688[0m
[0mGET /users/sign-out [36m302[0m 883.083 ms - 46[0m
[0mGET / [32m200[0m 459.227 ms - 1585[0m
[0mGET /users/sign-up [36m304[0m 635.282 ms - -[0m
[0mGET /users/auth/google [36m302[0m 132.026 ms - 0[0m
[0mGET /users/auth/google/callback?code=4%2F0AX4XfWjvgEzU0CldhZJGWGtWriLz6VXjcyRJx0JW-I2rpk3TMj8SXVTnBLsrwnoUNretYA&scope=email+profile+https%3A%2F%2Fwww.googleapis.com%2Fauth%2Fuserinfo.profile+https%3A%2F%2Fwww.googleapis.com%2Fauth%2Fuserinfo.email+openid&authuser=2&prompt=consent [36m302[0m 2312.439 ms - 46[0m
[0mGET / [32m200[0m 981.418 ms - 1688[0m
[0mGET /users/sign-out [36m302[0m 804.754 ms - 46[0m
[0mGET / [32m200[0m 1224.533 ms - 1585[0m
[0mGET /users/sign-up [36m304[0m 145.487 ms - -[0m
[0mGET /users/auth/google [36m302[0m 138.283 ms - 0[0m
[0mGET /users/auth/google/callback?code=4%2F0AX4XfWje3GooPKIDP7qD5sjaaLFQsRX9lrDyzg8Obgwt3qFovwapEysPTbtRF3EkNXnXPw&scope=email+profile+https%3A%2F%2Fwww.googleapis.com%2Fauth%2Fuserinfo.profile+https%3A%2F%2Fwww.googleapis.com%2Fauth%2Fuserinfo.email+openid&authuser=2&prompt=consent [36m302[0m 1989.546 ms - 46[0m
[0mGET / [32m200[0m 920.249 ms - 1688[0m
